<?xml version="1.0" encoding="UTF-8"?>
<!-- Generated by org.testng.reporters.JUnitReportReporter -->
<testsuite hostname="DESKTOP-D6JCH1J" failures="0" tests="1" name="ThinkBridge.FilightSearch.SignupPage" time="95.243" errors="0" timestamp="2022-05-02T20:44:04 IST" skipped="0">
  <testcase classname="ThinkBridge.FilightSearch.SignupPage" name="flightSearchSignUp" time="95.243"/>
  <system-out/>
</testsuite> <!-- ThinkBridge.FilightSearch.SignupPage -->
