<?xml version="1.0" encoding="UTF-8"?>
<!-- Generated by org.testng.reporters.JUnitReportReporter -->
<testsuite hostname="DESKTOP-D6JCH1J" failures="0" tests="1" name="org.thinkbridge.filightsearch.User_Signup_Test" time="18.938" errors="0" timestamp="2022-05-03T16:50:03 IST" skipped="0">
  <testcase classname="org.thinkbridge.filightsearch.User_Signup_Test" name="flightSearchSignUp" time="18.938"/>
  <system-out/>
</testsuite> <!-- org.thinkbridge.filightsearch.User_Signup_Test -->
