<?xml version="1.0" encoding="UTF-8"?>
<!-- Generated by org.testng.reporters.JUnitReportReporter -->
<testsuite hostname="DESKTOP-D6JCH1J" failures="0" tests="1" name="ThinkBridge.FilightSearch.User_Signup_Test" time="10.715" errors="0" timestamp="2022-05-03T15:08:27 IST" skipped="0">
  <testcase classname="ThinkBridge.FilightSearch.User_Signup_Test" name="flightSearchSignUp" time="10.715"/>
  <system-out/>
</testsuite> <!-- ThinkBridge.FilightSearch.User_Signup_Test -->
